<?xml version="1.0" encoding="UTF-8"?>
<testsuite name="edu.duke.sj445.battleship.BoardTextViewTest" tests="6" skipped="0" failures="0" errors="0" timestamp="2025-02-18T19:59:26" hostname="vcm-46190.vm.duke.edu" time="0.019">
  <properties/>
  <testcase name="test_invalid_board_size()" classname="edu.duke.sj445.battleship.BoardTextViewTest" time="0.001"/>
  <testcase name="test_non_empty_board()" classname="edu.duke.sj445.battleship.BoardTextViewTest" time="0.001"/>
  <testcase name="test_enemyBoard()" classname="edu.duke.sj445.battleship.BoardTextViewTest" time="0.009"/>
  <testcase name="test_display_empty_2by2()" classname="edu.duke.sj445.battleship.BoardTextViewTest" time="0.001"/>
  <testcase name="test_display_empty_3by2()" classname="edu.duke.sj445.battleship.BoardTextViewTest" time="0.001"/>
  <testcase name="test_display_empty_3by5()" classname="edu.duke.sj445.battleship.BoardTextViewTest" time="0.002"/>
  <system-out><![CDATA[]]></system-out>
  <system-err><![CDATA[]]></system-err>
</testsuite>
