<?xml version="1.0" encoding="UTF-8"?>
<testsuite name="edu.duke.sj445.battleship.V2ShipFactoryTest" tests="9" skipped="0" failures="0" errors="0" timestamp="2025-02-19T00:58:37" hostname="vcm-46190.vm.duke.edu" time="0.052">
  <properties/>
  <testcase name="test_V2ShipFactory_Carrier_L()" classname="edu.duke.sj445.battleship.V2ShipFactoryTest" time="0.008"/>
  <testcase name="test_V2ShipFactory_Carrier_R()" classname="edu.duke.sj445.battleship.V2ShipFactoryTest" time="0.002"/>
  <testcase name="test_V2ShipFactory_Carrier_U()" classname="edu.duke.sj445.battleship.V2ShipFactoryTest" time="0.004"/>
  <testcase name="test_V2ShipFactory_Carrier_d()" classname="edu.duke.sj445.battleship.V2ShipFactoryTest" time="0.008"/>
  <testcase name="test_wrong_Battleship()" classname="edu.duke.sj445.battleship.V2ShipFactoryTest" time="0.003"/>
  <testcase name="test_V2ShipFactory_Battleship_D()" classname="edu.duke.sj445.battleship.V2ShipFactoryTest" time="0.002"/>
  <testcase name="test_V2ShipFactory_Battleship_L()" classname="edu.duke.sj445.battleship.V2ShipFactoryTest" time="0.006"/>
  <testcase name="test_V2ShipFactory_Battleship_U()" classname="edu.duke.sj445.battleship.V2ShipFactoryTest" time="0.004"/>
  <testcase name="test_wrong()" classname="edu.duke.sj445.battleship.V2ShipFactoryTest" time="0.005"/>
  <system-out><![CDATA[]]></system-out>
  <system-err><![CDATA[]]></system-err>
</testsuite>
