<?xml version="1.0" encoding="UTF-8"?>
<testsuite name="edu.duke.sj445.battleship.TextPlayerTest" tests="7" skipped="0" failures="0" errors="0" timestamp="2025-02-19T02:53:12" hostname="vcm-46190.vm.duke.edu" time="0.024">
  <properties/>
  <testcase name="test_do_One_Placement()" classname="edu.duke.sj445.battleship.TextPlayerTest" time="0.005"/>
  <testcase name="test_ai()" classname="edu.duke.sj445.battleship.TextPlayerTest" time="0.002"/>
  <testcase name="test_null()" classname="edu.duke.sj445.battleship.TextPlayerTest" time="0.003"/>
  <testcase name="test_readCoordinate()" classname="edu.duke.sj445.battleship.TextPlayerTest" time="0.002"/>
  <testcase name="test_display2Boards()" classname="edu.duke.sj445.battleship.TextPlayerTest" time="0.003"/>
  <testcase name="test_read_placement()" classname="edu.duke.sj445.battleship.TextPlayerTest" time="0.002"/>
  <testcase name="test_throw()" classname="edu.duke.sj445.battleship.TextPlayerTest" time="0.002"/>
  <system-out><![CDATA[]]></system-out>
  <system-err><![CDATA[]]></system-err>
</testsuite>
