<?xml version="1.0" encoding="UTF-8"?>
<testsuite name="edu.duke.sj445.battleship.SpecialShipTest" tests="2" skipped="0" failures="0" errors="0" timestamp="2025-02-19T03:08:04" hostname="vcm-46190.vm.duke.edu" time="0.014">
  <properties/>
  <testcase name="test_makeCoords()" classname="edu.duke.sj445.battleship.SpecialShipTest" time="0.004"/>
  <testcase name="test_constructor()" classname="edu.duke.sj445.battleship.SpecialShipTest" time="0.007"/>
  <system-out><![CDATA[]]></system-out>
  <system-err><![CDATA[]]></system-err>
</testsuite>
