<?xml version="1.0" encoding="UTF-8"?>
<testsuite name="edu.duke.sj445.battleship.AppTest" tests="2" skipped="0" failures="0" errors="0" timestamp="2025-02-19T02:53:10" hostname="vcm-46190.vm.duke.edu" time="0.768">
  <properties/>
  <testcase name="test_main()" classname="edu.duke.sj445.battleship.AppTest" time="0.758"/>
  <testcase name="test_mode()" classname="edu.duke.sj445.battleship.AppTest" time="0.007"/>
  <system-out><![CDATA[Invalid Choice, please enter again!
]]></system-out>
  <system-err><![CDATA[]]></system-err>
</testsuite>
