<?xml version="1.0" encoding="UTF-8"?>
<testsuite name="edu.duke.sj445.battleship.BattleShipBoardTest" tests="7" skipped="0" failures="0" errors="0" timestamp="2025-02-19T02:53:11" hostname="vcm-46190.vm.duke.edu" time="0.048">
  <properties/>
  <testcase name="test_fireAt()" classname="edu.duke.sj445.battleship.BattleShipBoardTest" time="0.006"/>
  <testcase name="test_()" classname="edu.duke.sj445.battleship.BattleShipBoardTest" time="0.005"/>
  <testcase name="test_width_and_height()" classname="edu.duke.sj445.battleship.BattleShipBoardTest" time="0.003"/>
  <testcase name="test_board_starts_empty()" classname="edu.duke.sj445.battleship.BattleShipBoardTest" time="0.01"/>
  <testcase name="test_whatisAt()" classname="edu.duke.sj445.battleship.BattleShipBoardTest" time="0.004"/>
  <testcase name="test_invalid_dimensions()" classname="edu.duke.sj445.battleship.BattleShipBoardTest" time="0.007"/>
  <testcase name="test_add_ship()" classname="edu.duke.sj445.battleship.BattleShipBoardTest" time="0.003"/>
  <system-out><![CDATA[]]></system-out>
  <system-err><![CDATA[]]></system-err>
</testsuite>
