<?xml version="1.0" encoding="UTF-8"?>
<testsuite name="edu.duke.sj445.battleship.NoCollisionRuleCheckerTest" tests="1" skipped="0" failures="0" errors="0" timestamp="2025-02-19T00:58:36" hostname="vcm-46190.vm.duke.edu" time="0.003">
  <properties/>
  <testcase name="test_checkCollision()" classname="edu.duke.sj445.battleship.NoCollisionRuleCheckerTest" time="0.003"/>
  <system-out><![CDATA[]]></system-out>
  <system-err><![CDATA[]]></system-err>
</testsuite>
