<?xml version="1.0" encoding="UTF-8"?>
<testsuite name="edu.duke.sj445.battleship.RectangleShipTest" tests="7" skipped="0" failures="0" errors="0" timestamp="2025-02-19T00:58:36" hostname="vcm-46190.vm.duke.edu" time="0.026">
  <properties/>
  <testcase name="test_with_recordHitAt()" classname="edu.duke.sj445.battleship.RectangleShipTest" time="0.002"/>
  <testcase name="test_getCoordinates()" classname="edu.duke.sj445.battleship.RectangleShipTest" time="0.003"/>
  <testcase name="test_with_new_constructor()" classname="edu.duke.sj445.battleship.RectangleShipTest" time="0.007"/>
  <testcase name="test_get_name()" classname="edu.duke.sj445.battleship.RectangleShipTest" time="0.002"/>
  <testcase name="test_is_Sunk()" classname="edu.duke.sj445.battleship.RectangleShipTest" time="0.002"/>
  <testcase name="test_getDisplay()" classname="edu.duke.sj445.battleship.RectangleShipTest" time="0.005"/>
  <testcase name="test_with_makeCoords()" classname="edu.duke.sj445.battleship.RectangleShipTest" time="0.002"/>
  <system-out><![CDATA[]]></system-out>
  <system-err><![CDATA[]]></system-err>
</testsuite>
