<?xml version="1.0" encoding="UTF-8"?>
<testsuite name="edu.duke.sj445.battleship.V1ShipFactoryTest" tests="1" skipped="0" failures="0" errors="0" timestamp="2025-02-18T19:59:26" hostname="vcm-46190.vm.duke.edu" time="0.006">
  <properties/>
  <testcase name="test_()" classname="edu.duke.sj445.battleship.V1ShipFactoryTest" time="0.006"/>
  <system-out><![CDATA[]]></system-out>
  <system-err><![CDATA[]]></system-err>
</testsuite>
