<?xml version="1.0" encoding="UTF-8"?>
<testsuite name="edu.duke.sj445.battleship.TextPlayerTest" tests="4" skipped="0" failures="0" errors="0" timestamp="2025-02-19T00:58:37" hostname="vcm-46190.vm.duke.edu" time="0.04">
  <properties/>
  <testcase name="test_doPlacementPhase()" classname="edu.duke.sj445.battleship.TextPlayerTest" time="0.011"/>
  <testcase name="test_read_placement()" classname="edu.duke.sj445.battleship.TextPlayerTest" time="0.003"/>
  <testcase name="test_do_placement()" classname="edu.duke.sj445.battleship.TextPlayerTest" time="0.011"/>
  <testcase name="test_read_coordinate()" classname="edu.duke.sj445.battleship.TextPlayerTest" time="0.008"/>
  <system-out><![CDATA[]]></system-out>
  <system-err><![CDATA[]]></system-err>
</testsuite>
