<?xml version="1.0" encoding="UTF-8"?>
<testsuite name="edu.duke.sj445.battleship.CoordinateTest" tests="6" skipped="0" failures="0" errors="0" timestamp="2025-02-19T00:58:36" hostname="vcm-46190.vm.duke.edu" time="0.038">
  <properties/>
  <testcase name="test_string_constructor_valid_cases()" classname="edu.duke.sj445.battleship.CoordinateTest" time="0.003"/>
  <testcase name="test_C_with_row_and_column()" classname="edu.duke.sj445.battleship.CoordinateTest" time="0.009"/>
  <testcase name="test_hashCode()" classname="edu.duke.sj445.battleship.CoordinateTest" time="0.003"/>
  <testcase name="test_string_constructor_error_cases()" classname="edu.duke.sj445.battleship.CoordinateTest" time="0.008"/>
  <testcase name="test_equals()" classname="edu.duke.sj445.battleship.CoordinateTest" time="0.002"/>
  <testcase name="test_toString()" classname="edu.duke.sj445.battleship.CoordinateTest" time="0.003"/>
  <system-out><![CDATA[]]></system-out>
  <system-err><![CDATA[]]></system-err>
</testsuite>
