<?xml version="1.0" encoding="UTF-8"?>
<testsuite name="edu.duke.sj445.battleship.PlacementTest" tests="5" skipped="0" failures="0" errors="0" timestamp="2025-02-19T00:58:36" hostname="vcm-46190.vm.duke.edu" time="0.037">
  <properties/>
  <testcase name="test_string_constructor_valid_cases()" classname="edu.duke.sj445.battleship.PlacementTest" time="0.006"/>
  <testcase name="test_hashCode()" classname="edu.duke.sj445.battleship.PlacementTest" time="0.002"/>
  <testcase name="test_string_constructor_error_cases()" classname="edu.duke.sj445.battleship.PlacementTest" time="0.019"/>
  <testcase name="test_equals()" classname="edu.duke.sj445.battleship.PlacementTest" time="0.002"/>
  <testcase name="test_with_coord_and_orientation()" classname="edu.duke.sj445.battleship.PlacementTest" time="0.005"/>
  <system-out><![CDATA[]]></system-out>
  <system-err><![CDATA[]]></system-err>
</testsuite>
