<?xml version="1.0" encoding="UTF-8"?>
<testsuite name="edu.duke.sj445.battleship.BoardTextViewTest" tests="7" skipped="0" failures="0" errors="0" timestamp="2025-02-19T00:58:36" hostname="vcm-46190.vm.duke.edu" time="0.056">
  <properties/>
  <testcase name="test_invalid_board_size()" classname="edu.duke.sj445.battleship.BoardTextViewTest" time="0.009"/>
  <testcase name="Test_displayMyBoardWithEnemyNextToIt()" classname="edu.duke.sj445.battleship.BoardTextViewTest" time="0.004"/>
  <testcase name="test_enemy_board()" classname="edu.duke.sj445.battleship.BoardTextViewTest" time="0.012"/>
  <testcase name="test_display_ship_3by5()" classname="edu.duke.sj445.battleship.BoardTextViewTest" time="0.003"/>
  <testcase name="test_display_empty_2by2()" classname="edu.duke.sj445.battleship.BoardTextViewTest" time="0.003"/>
  <testcase name="test_display_empty_3by2()" classname="edu.duke.sj445.battleship.BoardTextViewTest" time="0.007"/>
  <testcase name="test_display_empty_3by5()" classname="edu.duke.sj445.battleship.BoardTextViewTest" time="0.008"/>
  <system-out><![CDATA[]]></system-out>
  <system-err><![CDATA[]]></system-err>
</testsuite>
