<?xml version="1.0" encoding="UTF-8"?>
<testsuite name="edu.duke.sj445.battleship.V2ShipFactoryTest" tests="1" skipped="0" failures="0" errors="0" timestamp="2025-02-19T03:08:04" hostname="vcm-46190.vm.duke.edu" time="0.005">
  <properties/>
  <testcase name="test_()" classname="edu.duke.sj445.battleship.V2ShipFactoryTest" time="0.005"/>
  <system-out><![CDATA[]]></system-out>
  <system-err><![CDATA[]]></system-err>
</testsuite>
