<?xml version="1.0" encoding="UTF-8"?>
<testsuite name="edu.duke.sj445.battleship.NoCollisionRuleCheckerTest" tests="2" skipped="0" failures="0" errors="0" timestamp="2025-02-19T03:08:04" hostname="vcm-46190.vm.duke.edu" time="0.004">
  <properties/>
  <testcase name="test_both()" classname="edu.duke.sj445.battleship.NoCollisionRuleCheckerTest" time="0.002"/>
  <testcase name="test_()" classname="edu.duke.sj445.battleship.NoCollisionRuleCheckerTest" time="0.002"/>
  <system-out><![CDATA[]]></system-out>
  <system-err><![CDATA[]]></system-err>
</testsuite>
