<?xml version="1.0" encoding="UTF-8"?>
<testsuite name="edu.duke.sj445.battleship.ShipRotationHitMapTest" tests="4" skipped="0" failures="0" errors="0" timestamp="2025-02-18T19:59:26" hostname="vcm-46190.vm.duke.edu" time="0.012">
  <properties/>
  <testcase name="test_carrier()" classname="edu.duke.sj445.battleship.ShipRotationHitMapTest" time="0.004"/>
  <testcase name="test_()" classname="edu.duke.sj445.battleship.ShipRotationHitMapTest" time="0.002"/>
  <testcase name="test_destroy()" classname="edu.duke.sj445.battleship.ShipRotationHitMapTest" time="0.002"/>
  <testcase name="test_battleship()" classname="edu.duke.sj445.battleship.ShipRotationHitMapTest" time="0.001"/>
  <system-out><![CDATA[]]></system-out>
  <system-err><![CDATA[]]></system-err>
</testsuite>
